<?xml version="1.0" encoding="UTF-8"?>
<!-- Generated by org.testng.reporters.JUnitXMLReporter -->
<testsuite ignored="2" hostname="Vishnudass-Mac-mini.local" failures="0" tests="1" name="YourTest" time="130.282" errors="0" timestamp="2024-03-25T11:01:43 IST">
  <testcase classname="com.pixbit.appium.test.property.add.SinglePropertyAdd" name="single_property_with_villa_townhouse_underconstruction_status" time="124.73"/>
  <testcase classname="com.pixbit.appium.test.property.add.SinglePropertyAdd" name="single_property_with_apartment_ready_status" time="0.0">
    <ignored/>
  </testcase> <!-- single_property_with_apartment_ready_status -->
  <testcase classname="com.pixbit.appium.test.property.add.SinglePropertyAdd" name="single_property_with_inital_contract_ready_status" time="0.0">
    <ignored/>
  </testcase> <!-- single_property_with_inital_contract_ready_status -->
</testsuite> <!-- YourTest -->
