<?xml version="1.0" encoding="UTF-8"?>
<!-- Generated by org.testng.reporters.JUnitXMLReporter -->
<testsuite ignored="7" hostname="Vishnudass-Mac-mini.local" failures="0" tests="1" name="Joint Property Add" time="69.737" errors="0" timestamp="2024-09-30T11:29:18 IST">
  <testcase classname="com.pixbit.appium.property.JointPropertyAdd" name="oneOwnerAddOtherSkipUnderConstructionPaymentPlanMortgaged" time="62.854"/>
  <testcase classname="com.pixbit.appium.property.JointPropertyAdd" name="three_owners_townhouse_underconstruction_property" time="0.0">
    <ignored/>
  </testcase> <!-- three_owners_townhouse_underconstruction_property -->
  <testcase classname="com.pixbit.appium.property.JointPropertyAdd" name="two_owners_one_guest_office_ready_property" time="0.0">
    <ignored/>
  </testcase> <!-- two_owners_one_guest_office_ready_property -->
  <testcase classname="com.pixbit.appium.property.JointPropertyAdd" name="two_owners_apartment_ready_property" time="0.0">
    <ignored/>
  </testcase> <!-- two_owners_apartment_ready_property -->
  <testcase classname="com.pixbit.appium.property.JointPropertyAdd" name="fourowner_add_villa_underconstruction_property" time="0.0">
    <ignored/>
  </testcase> <!-- fourowner_add_villa_underconstruction_property -->
  <testcase classname="com.pixbit.appium.property.JointPropertyAdd" name="threee_owners_townhouse_underconstruction_property" time="0.0">
    <ignored/>
  </testcase> <!-- threee_owners_townhouse_underconstruction_property -->
  <testcase classname="com.pixbit.appium.property.JointPropertyAdd" name="twoOwnersSkipReadyRentedNotMortgaged" time="0.0">
    <ignored/>
  </testcase> <!-- twoOwnersSkipReadyRentedNotMortgaged -->
  <testcase classname="com.pixbit.appium.property.JointPropertyAdd" name="three_owners_addtwo_skipone_apartment_ready_property" time="0.0">
    <ignored/>
  </testcase> <!-- three_owners_addtwo_skipone_apartment_ready_property -->
</testsuite> <!-- Joint Property Add -->
