<?xml version="1.0" encoding="UTF-8"?>
<!-- Generated by org.testng.reporters.JUnitXMLReporter -->
<testsuite ignored="4" hostname="Vishnudass-Mac-mini.local" failures="0" tests="1" name="SinglePropertyTest" time="170.03" errors="0" timestamp="2024-10-11T10:58:03 IST">
  <testcase classname="com.pixbit.appium.property.SinglePropertyAdd" name="singlePropertyProcess" time="153.435"/>
  <testcase classname="com.pixbit.appium.property.SinglePropertyAdd" name="readyRentedMortgaged" time="0.0">
    <ignored/>
  </testcase> <!-- readyRentedMortgaged -->
  <testcase classname="com.pixbit.appium.property.SinglePropertyAdd" name="shellAndCoreNotMortgaged" time="0.0">
    <ignored/>
  </testcase> <!-- shellAndCoreNotMortgaged -->
  <testcase classname="com.pixbit.appium.property.SinglePropertyAdd" name="underConstructionPaymentPlanMortgagedProperty" time="0.0">
    <ignored/>
  </testcase> <!-- underConstructionPaymentPlanMortgagedProperty -->
  <testcase classname="com.pixbit.appium.property.SinglePropertyAdd" name="underConstructionPaymentPlanNotMortgaged" time="0.0">
    <ignored/>
  </testcase> <!-- underConstructionPaymentPlanNotMortgaged -->
</testsuite> <!-- SinglePropertyTest -->
