<?xml version="1.0" encoding="UTF-8"?>
<!-- Generated by org.testng.reporters.JUnitXMLReporter -->
<testsuite ignored="2" hostname="Vishnudass-Mac-mini.local" failures="0" tests="1" name="Default test" time="84.116" errors="0" timestamp="2024-09-20T17:17:26 IST">
  <testcase classname="com.pixbit.appium.property.NewUserPropertyAdd" name="singleProperty" time="72.986"/>
  <testcase classname="com.pixbit.appium.property.NewUserPropertyAdd" name="single_service_apartment_ready_property" time="0.0">
    <ignored/>
  </testcase> <!-- single_service_apartment_ready_property -->
  <testcase classname="com.pixbit.appium.property.NewUserPropertyAdd" name="singleVillaProperty" time="0.0">
    <ignored/>
  </testcase> <!-- singleVillaProperty -->
</testsuite> <!-- Default test -->
