<?xml version="1.0" encoding="UTF-8"?>
<!-- Generated by org.testng.reporters.JUnitXMLReporter -->
<testsuite ignored="7" hostname="Vishnudass-Mac-mini.local" failures="1" tests="2" name="SingleProperty-Add" time="0.303" errors="0" timestamp="2023-09-25T14:11:43 IST">
  <testcase classname="propertyaddedit.TestpropertyAdd" name="@BeforeSuite openMyPropertyPage" time="0.069">
    <failure type="java.lang.NullPointerException" message="Cannot invoke &amp;quot;Object.getClass()&amp;quot; because &amp;quot;page&amp;quot; is null">
      <![CDATA[java.lang.NullPointerException: Cannot invoke "Object.getClass()" because "page" is null
at org.openqa.selenium.support.PageFactory.initElements(PageFactory.java:99)
at utilites.AndroidActions.<init>(AndroidActions.java:32)
at pageobject.SplashScreen.<init>(SplashScreen.java:15)
at propertyaddedit.TestpropertyAdd.openMyPropertyPage(TestpropertyAdd.java:23)
... Removed 19 stack frames]]>
    </failure>
  </testcase> <!-- @BeforeSuite openMyPropertyPage -->
  <testcase classname="globalfiles.AndroidGlobalData" name="@BeforeClass configuration" time="0.0">
    <skipped/>
  </testcase> <!-- @BeforeClass configuration -->
  <testcase classname="globalfiles.AndroidGlobalData" name="@AfterClass close" time="0.0">
    <skipped/>
  </testcase> <!-- @AfterClass close -->
  <testcase classname="propertyaddedit.TestpropertyAdd" name="addSingleProperty_1" time="0.0">
    <skipped/>
  </testcase> <!-- addSingleProperty_1 -->
  <testcase classname="propertyaddedit.TestpropertyAdd" name="addSingleProperty_2" time="0.0">
    <failure type="org.testng.TestNGException" message="
Method public void propertyaddedit.TestpropertyAdd.addSingleProperty_2(java.util.HashMap) throws java.lang.InterruptedException requires a @DataProvider named : apartmentServiceApartment_3">
      <![CDATA[org.testng.TestNGException: 
Method public void propertyaddedit.TestpropertyAdd.addSingleProperty_2(java.util.HashMap) throws java.lang.InterruptedException requires a @DataProvider named : apartmentServiceApartment_3
at java.base/java.util.ArrayList.forEach(ArrayList.java:1511)
... Removed 24 stack frames]]>
    </failure>
  </testcase> <!-- addSingleProperty_2 -->
  <testcase classname="propertyaddedit.TestpropertyAdd" name="addJointProperty_1" time="0.0">
    <ignored/>
  </testcase> <!-- addJointProperty_1 -->
  <testcase classname="propertyaddedit.TestpropertyAdd" name="addJointProperty_4" time="0.0">
    <ignored/>
  </testcase> <!-- addJointProperty_4 -->
  <testcase classname="propertyaddedit.TestpropertyAdd" name="addJointProperty_7" time="0.0">
    <ignored/>
  </testcase> <!-- addJointProperty_7 -->
  <testcase classname="propertyaddedit.TestpropertyAdd" name="addJointProperty_2" time="0.0">
    <ignored/>
  </testcase> <!-- addJointProperty_2 -->
  <testcase classname="propertyaddedit.TestpropertyAdd" name="addJointProperty_3" time="0.0">
    <ignored/>
  </testcase> <!-- addJointProperty_3 -->
  <testcase classname="propertyaddedit.TestpropertyAdd" name="addJointProperty_5" time="0.0">
    <ignored/>
  </testcase> <!-- addJointProperty_5 -->
  <testcase classname="propertyaddedit.TestpropertyAdd" name="addJointProperty_6" time="0.0">
    <ignored/>
  </testcase> <!-- addJointProperty_6 -->
</testsuite> <!-- SingleProperty-Add -->
