<?xml version="1.0" encoding="UTF-8"?>
<!-- Generated by org.testng.reporters.JUnitXMLReporter -->
<testsuite ignored="6" hostname="pixbit" failures="0" tests="1" name="Test" time="0.22" errors="0" timestamp="2023-09-07T16:39:08 IST">
  <testcase classname="globalfiles.GlobalData" name="@BeforeClass configuration" time="0.039">
    <failure type="java.lang.NullPointerException">
      <![CDATA[java.lang.NullPointerException
at java.base/java.io.FileOutputStream.<init>(FileOutputStream.java:226)
at java.base/java.io.FileOutputStream.<init>(FileOutputStream.java:184)
at org.openqa.selenium.remote.service.DriverService$Builder.getLogOutput(DriverService.java:448)
at org.openqa.selenium.remote.service.DriverService$Builder.build(DriverService.java:495)
at globalfiles.GlobalData.configuration(GlobalData.java:40)
at java.base/java.util.ArrayList.forEach(ArrayList.java:1511)
... Removed 25 stack frames]]>
    </failure>
  </testcase> <!-- @BeforeClass configuration -->
  <testcase classname="propertyaddedit.TestPropertyAdd" name="@BeforeClass openMyPropertyPage" time="-1.694084948365E9">
    <skipped/>
  </testcase> <!-- @BeforeClass openMyPropertyPage -->
  <testcase classname="globalfiles.GlobalData" name="@AfterClass close" time="-1.694084948526E9">
    <skipped/>
  </testcase> <!-- @AfterClass close -->
  <testcase classname="propertyaddedit.TestPropertyAdd" name="addSingleProperty_1" time="0.0">
    <skipped/>
  </testcase> <!-- addSingleProperty_1 -->
  <testcase classname="propertyaddedit.TestPropertyAdd" name="addJointProperty_1" time="0.0">
    <ignored/>
  </testcase> <!-- addJointProperty_1 -->
  <testcase classname="propertyaddedit.TestPropertyAdd" name="addJointProperty_4" time="0.0">
    <ignored/>
  </testcase> <!-- addJointProperty_4 -->
  <testcase classname="propertyaddedit.TestPropertyAdd" name="addJointProperty_2" time="0.0">
    <ignored/>
  </testcase> <!-- addJointProperty_2 -->
  <testcase classname="propertyaddedit.TestPropertyAdd" name="addJointProperty_5" time="0.0">
    <ignored/>
  </testcase> <!-- addJointProperty_5 -->
  <testcase classname="propertyaddedit.TestPropertyAdd" name="addJointProperty_6" time="0.0">
    <ignored/>
  </testcase> <!-- addJointProperty_6 -->
  <testcase classname="propertyaddedit.TestPropertyAdd" name="addJointProperty_3" time="0.0">
    <ignored/>
  </testcase> <!-- addJointProperty_3 -->
</testsuite> <!-- Test -->
