<?xml version="1.0" encoding="UTF-8"?>
<!-- Generated by org.testng.reporters.JUnitXMLReporter -->
<testsuite ignored="1" hostname="pixbit" failures="1" tests="1" name="Test" time="0.348" errors="0" timestamp="2023-08-03T09:30:53 IST">
  <testcase classname="propertyaddedit.TestPropertyAdd" name="addTwoNotVerifiedUserAddProperties" time="0.022">
    <failure type="java.lang.NullPointerException" message="Cannot invoke &amp;quot;Object.getClass()&amp;quot; because &amp;quot;page&amp;quot; is null">
      <![CDATA[java.lang.NullPointerException: Cannot invoke "Object.getClass()" because "page" is null
at org.openqa.selenium.support.PageFactory.initElements(PageFactory.java:99)
at utilites.AndroidActions.<init>(AndroidActions.java:32)
at pageobject.SplashScreen.<init>(SplashScreen.java:15)
at propertyaddedit.TestPropertyAdd.addTwoNotVerifiedUserAddProperties(TestPropertyAdd.java:43)
at java.base/java.util.ArrayList.forEach(ArrayList.java:1511)
... Removed 27 stack frames]]>
    </failure>
  </testcase> <!-- addTwoNotVerifiedUserAddProperties -->
  <testcase classname="propertyaddedit.TestPropertyAdd" name="apartmentPropertyAdd" time="0.0">
    <ignored/>
  </testcase> <!-- apartmentPropertyAdd -->
</testsuite> <!-- Test -->
