<?xml version="1.0" encoding="UTF-8"?>
<testng-results ignored="0" total="1" passed="1" failed="0" skipped="0">
  <reporter-output>
  </reporter-output>
  <suite started-at="2024-08-23T17:20:47 IST" name="Default suite" finished-at="2024-08-23T17:21:39 IST" duration-ms="51069">
    <groups>
      <group name="sign_up">
        <method signature="SignUpUser.createUser(java.util.HashMap)[pri:0, instance:com.pixbit.appium.test.usercreation.actions.SignUpUser@d86a6f]" name="createUser" class="com.pixbit.appium.test.usercreation.actions.SignUpUser"/>
      </group> <!-- sign_up -->
    </groups>
    <test started-at="2024-08-23T17:20:47 IST" name="Default test" finished-at="2024-08-23T17:21:39 IST" duration-ms="51069">
      <class name="com.pixbit.appium.test.usercreation.actions.SignUpUser">
        <test-method is-config="true" signature="configuration()[pri:0, instance:com.pixbit.appium.test.usercreation.actions.SignUpUser@d86a6f]" started-at="2024-08-23T17:20:48 IST" name="configuration" finished-at="2024-08-23T17:20:54 IST" duration-ms="6580" status="PASS">
          <reporter-output>
          </reporter-output>
        </test-method> <!-- configuration -->
        <test-method signature="createUser(java.util.HashMap)[pri:0, instance:com.pixbit.appium.test.usercreation.actions.SignUpUser@d86a6f]" started-at="2024-08-23T17:20:54 IST" name="createUser" data-provider="userCreationData" finished-at="2024-08-23T17:21:38 IST" duration-ms="43615" status="PASS">
          <params>
            <param index="0">
              <value>
                <![CDATA[{prefred_language=English, password=Qapixbit@14, emailId=khalel123@gmail.com, phoneNumber=6859495943, userName=Khalel}]]>
              </value>
            </param>
          </params>
          <reporter-output>
          </reporter-output>
        </test-method> <!-- createUser -->
        <test-method is-config="true" signature="close()[pri:0, instance:com.pixbit.appium.test.usercreation.actions.SignUpUser@d86a6f]" started-at="2024-08-23T17:21:38 IST" name="close" finished-at="2024-08-23T17:21:38 IST" duration-ms="458" status="PASS">
          <reporter-output>
          </reporter-output>
        </test-method> <!-- close -->
      </class> <!-- com.pixbit.appium.test.usercreation.actions.SignUpUser -->
    </test> <!-- Default test -->
  </suite> <!-- Default suite -->
</testng-results>
