<?xml version="1.0" encoding="UTF-8"?>
<testng-results ignored="0" total="1" passed="0" failed="1" skipped="0">
  <reporter-output>
  </reporter-output>
  <suite started-at="2023-09-21T14:59:32 IST" name="Default suite" finished-at="2023-09-21T15:01:19 IST" duration-ms="107058">
    <groups>
    </groups>
    <test started-at="2023-09-21T14:59:32 IST" name="Default test" finished-at="2023-09-21T15:01:19 IST" duration-ms="107058">
      <class name="propertyaddedit.TestpropertyAdd">
        <test-method is-config="true" signature="configuration()[pri:0, instance:propertyaddedit.TestpropertyAdd@7a35b0f5]" started-at="2023-09-21T14:59:32 IST" name="configuration" finished-at="2023-09-21T14:59:37 IST" duration-ms="5010" status="PASS">
          <reporter-output>
          </reporter-output>
        </test-method> <!-- configuration -->
        <test-method is-config="true" signature="openMyPropertyPage()[pri:0, instance:propertyaddedit.TestpropertyAdd@7a35b0f5]" started-at="2023-09-21T14:59:37 IST" name="openMyPropertyPage" finished-at="2023-09-21T14:59:45 IST" duration-ms="7763" status="PASS">
          <reporter-output>
          </reporter-output>
        </test-method> <!-- openMyPropertyPage -->
        <test-method signature="addJointProperty_1(java.util.HashMap)[pri:0, instance:propertyaddedit.TestpropertyAdd@7a35b0f5]" started-at="2023-09-21T14:59:45 IST" name="addJointProperty_1" data-provider="TownhousepropertyData_1" finished-at="2023-09-21T15:01:19 IST" duration-ms="93293" status="FAIL">
          <params>
            <param index="0">
              <value>
                <![CDATA[{present_use=Rented, area_region=10 Tower, age_of_property=2, owner_2_percentage=20, year=2000, property_value=984000, furnishing_status=Furnished, property_name=joint android prop 23.1, owner_1_percentage=80, unit_number=56, title_deed_number=200154434375, titledeedDocument=oquod marbella 47.pdf, property_category=Commercial, owner_2_phone_number=8136868284, plot_area_sq_mt=534.53, buildup_area=645.4, property_type=Villa, plot_area_sq_ft=4356.6, property_status=Ready}]]>
              </value>
            </param>
          </params>
          <exception class="org.openqa.selenium.NoSuchElementException">
            <message>
              <![CDATA[An element could not be located on the page using the given search parameters.
For documentation on this error, please visit: https://www.selenium.dev/documentation/webdriver/troubleshooting/errors#no-such-element-exception
Build info: version: '4.12.1', revision: '8e34639b11'
System info: os.name: 'Mac OS X', os.arch: 'x86_64', os.version: '13.5.2', java.version: '17.0.8.1'
Driver info: io.appium.java_client.android.AndroidDriver
Command: [8833cab9-3d37-4506-86dc-910e2808b537, findElement {using=-android uiautomator, value=new UiScrollable(new UiSelector()).scrollIntoView(text("Save & Continue"));}]
Capabilities {appium:app: //Users//vk14//git//UserApp..., appium:appPackage: in.pixbit.proptech, appium:automationName: UIAutomator2, appium:databaseEnabled: false, appium:desired: {app: //Users//vk14//git//UserApp..., automationName: UIAutomator2, deviceName: QAAndroid, platformName: ANDROID}, appium:deviceApiLevel: 34, appium:deviceManufacturer: Google, appium:deviceModel: sdk_gphone64_arm64, appium:deviceName: emulator-5554, appium:deviceScreenDensity: 560, appium:deviceScreenSize: 1440x3120, appium:deviceUDID: emulator-5554, appium:javascriptEnabled: true, appium:locationContextEnabled: false, appium:networkConnectionEnabled: true, appium:pixelRatio: 3.5, appium:platformVersion: 14, appium:statBarHeight: 84, appium:takesScreenshot: true, appium:viewportRect: {height: 2807, left: 0, top: 84, width: 1440}, appium:warnings: {}, appium:webStorageEnabled: false, platformName: ANDROID}
Session ID: 8833cab9-3d37-4506-86dc-910e2808b537]]>
            </message>
            <full-stacktrace>
              <![CDATA[org.openqa.selenium.NoSuchElementException: An element could not be located on the page using the given search parameters.
For documentation on this error, please visit: https://www.selenium.dev/documentation/webdriver/troubleshooting/errors#no-such-element-exception
Build info: version: '4.12.1', revision: '8e34639b11'
System info: os.name: 'Mac OS X', os.arch: 'x86_64', os.version: '13.5.2', java.version: '17.0.8.1'
Driver info: io.appium.java_client.android.AndroidDriver
Command: [8833cab9-3d37-4506-86dc-910e2808b537, findElement {using=-android uiautomator, value=new UiScrollable(new UiSelector()).scrollIntoView(text("Save & Continue"));}]
Capabilities {appium:app: //Users//vk14//git//UserApp..., appium:appPackage: in.pixbit.proptech, appium:automationName: UIAutomator2, appium:databaseEnabled: false, appium:desired: {app: //Users//vk14//git//UserApp..., automationName: UIAutomator2, deviceName: QAAndroid, platformName: ANDROID}, appium:deviceApiLevel: 34, appium:deviceManufacturer: Google, appium:deviceModel: sdk_gphone64_arm64, appium:deviceName: emulator-5554, appium:deviceScreenDensity: 560, appium:deviceScreenSize: 1440x3120, appium:deviceUDID: emulator-5554, appium:javascriptEnabled: true, appium:locationContextEnabled: false, appium:networkConnectionEnabled: true, appium:pixelRatio: 3.5, appium:platformVersion: 14, appium:statBarHeight: 84, appium:takesScreenshot: true, appium:viewportRect: {height: 2807, left: 0, top: 84, width: 1440}, appium:warnings: {}, appium:webStorageEnabled: false, platformName: ANDROID}
Session ID: 8833cab9-3d37-4506-86dc-910e2808b537
at java.base/jdk.internal.reflect.NativeConstructorAccessorImpl.newInstance0(Native Method)
at java.base/jdk.internal.reflect.NativeConstructorAccessorImpl.newInstance(NativeConstructorAccessorImpl.java:77)
at java.base/jdk.internal.reflect.DelegatingConstructorAccessorImpl.newInstance(DelegatingConstructorAccessorImpl.java:45)
at java.base/java.lang.reflect.Constructor.newInstanceWithCaller(Constructor.java:499)
at java.base/java.lang.reflect.Constructor.newInstance(Constructor.java:480)
at org.openqa.selenium.remote.codec.w3c.W3CHttpResponseCodec.createException(W3CHttpResponseCodec.java:200)
at org.openqa.selenium.remote.codec.w3c.W3CHttpResponseCodec.decode(W3CHttpResponseCodec.java:133)
at org.openqa.selenium.remote.codec.w3c.W3CHttpResponseCodec.decode(W3CHttpResponseCodec.java:52)
at org.openqa.selenium.remote.HttpCommandExecutor.execute(HttpCommandExecutor.java:191)
at io.appium.java_client.remote.AppiumCommandExecutor.execute(AppiumCommandExecutor.java:250)
at org.openqa.selenium.remote.RemoteWebDriver.execute(RemoteWebDriver.java:602)
at org.openqa.selenium.remote.ElementLocation$ElementFinder$2.findElement(ElementLocation.java:165)
at org.openqa.selenium.remote.ElementLocation.findElement(ElementLocation.java:59)
at org.openqa.selenium.remote.RemoteWebDriver.findElement(RemoteWebDriver.java:359)
at org.openqa.selenium.remote.RemoteWebDriver.findElement(RemoteWebDriver.java:353)
at pageobject.AddProperty.twoOwnerCountSelectionAndAdd(AddProperty.java:215)
at propertyaddedit.TestpropertyAdd.addJointProperty_1(TestpropertyAdd.java:38)
at java.base/jdk.internal.reflect.NativeMethodAccessorImpl.invoke0(Native Method)
at java.base/jdk.internal.reflect.NativeMethodAccessorImpl.invoke(NativeMethodAccessorImpl.java:77)
at java.base/jdk.internal.reflect.DelegatingMethodAccessorImpl.invoke(DelegatingMethodAccessorImpl.java:43)
at java.base/java.lang.reflect.Method.invoke(Method.java:568)
at org.testng.internal.invokers.MethodInvocationHelper.invokeMethod(MethodInvocationHelper.java:139)
at org.testng.internal.invokers.TestInvoker.invokeMethod(TestInvoker.java:664)
at org.testng.internal.invokers.TestInvoker.invokeTestMethod(TestInvoker.java:227)
at org.testng.internal.invokers.MethodRunner.runInSequence(MethodRunner.java:50)
at org.testng.internal.invokers.TestInvoker$MethodInvocationAgent.invoke(TestInvoker.java:957)
at org.testng.internal.invokers.TestInvoker.invokeTestMethods(TestInvoker.java:200)
at org.testng.internal.invokers.TestMethodWorker.invokeTestMethods(TestMethodWorker.java:148)
at org.testng.internal.invokers.TestMethodWorker.run(TestMethodWorker.java:128)
at java.base/java.util.ArrayList.forEach(ArrayList.java:1511)
at org.testng.TestRunner.privateRun(TestRunner.java:848)
at org.testng.TestRunner.run(TestRunner.java:621)
at org.testng.SuiteRunner.runTest(SuiteRunner.java:443)
at org.testng.SuiteRunner.runSequentially(SuiteRunner.java:437)
at org.testng.SuiteRunner.privateRun(SuiteRunner.java:397)
at org.testng.SuiteRunner.run(SuiteRunner.java:336)
at org.testng.SuiteRunnerWorker.runSuite(SuiteRunnerWorker.java:52)
at org.testng.SuiteRunnerWorker.run(SuiteRunnerWorker.java:95)
at org.testng.TestNG.runSuitesSequentially(TestNG.java:1280)
at org.testng.TestNG.runSuitesLocally(TestNG.java:1200)
at org.testng.TestNG.runSuites(TestNG.java:1114)
at org.testng.TestNG.run(TestNG.java:1082)
at org.testng.remote.AbstractRemoteTestNG.run(AbstractRemoteTestNG.java:115)
at org.testng.remote.RemoteTestNG.initAndRun(RemoteTestNG.java:251)
at org.testng.remote.RemoteTestNG.main(RemoteTestNG.java:77)
]]>
            </full-stacktrace>
          </exception> <!-- org.openqa.selenium.NoSuchElementException -->
          <reporter-output>
          </reporter-output>
        </test-method> <!-- addJointProperty_1 -->
        <test-method is-config="true" signature="close()[pri:0, instance:propertyaddedit.TestpropertyAdd@7a35b0f5]" started-at="2023-09-21T15:01:19 IST" name="close" finished-at="2023-09-21T15:01:19 IST" duration-ms="653" status="PASS">
          <reporter-output>
          </reporter-output>
        </test-method> <!-- close -->
      </class> <!-- propertyaddedit.TestpropertyAdd -->
    </test> <!-- Default test -->
  </suite> <!-- Default suite -->
</testng-results>
